[ERROR] 2018-11-26 16:20:56,985 com.webtest.utils.Log - com.webtest.test.login_test@413d1baf-test_success运行失败，需要截屏
[ERROR] 2018-11-26 16:20:57,101 com.webtest.utils.Log - com.webtest.test.login_test@413d1baf-test_success运行失败，需要截屏
[ERROR] 2018-11-26 16:27:12,234 com.webtest.utils.Log - com.webtest.test.login_test@413d1baf-test_success运行失败，需要截屏
[ERROR] 2018-11-26 16:27:12,238 com.webtest.utils.Log - com.webtest.test.login_test@413d1baf-test_success运行失败，需要截屏
