<?xml version="1.0" encoding="UTF-8"?>
<testng-results ignored="0" total="1" passed="1" failed="0" skipped="0">
  <reporter-output>
  </reporter-output>
  <suite started-at="2018-11-19T06:51:15Z" name="s1" finished-at="2018-11-19T06:51:25Z" duration-ms="9884">
    <groups>
    </groups>
    <test started-at="2018-11-19T06:51:15Z" name="test1" finished-at="2018-11-19T06:51:25Z" duration-ms="9884">
      <class name="com.webtest.test.login_test">
        <test-method signature="test_success()[pri:0, instance:com.webtest.test.login_test@614ca7df]" started-at="2018-11-19T06:51:15Z" name="test_success" finished-at="2018-11-19T06:51:25Z" duration-ms="9864" status="PASS">
          <reporter-output>
          </reporter-output>
        </test-method> <!-- test_success -->
      </class> <!-- com.webtest.test.login_test -->
    </test> <!-- test1 -->
  </suite> <!-- s1 -->
</testng-results>
